Wed Aug 03 2022 01:43:18 GMT+0530 (India Standard Time) ||> DiscordAPIError[50035]: Invalid Form Body
embeds[0][LIST_ITEM_VALUE_REQUIRED]: List item values of ModelType are required
    at SequentialHandler.runRequest (C:\Users\prami\OneDrive\Desktop\Stuff\ConfessionsBot\node_modules\@discordjs\rest\src\lib\handlers\SequentialHandler.ts:287:15)
    at processTicksAndRejections (node:internal/process/task_queues:95:5)
    at async SequentialHandler.queueRequest (C:\Users\prami\OneDrive\Desktop\Stuff\ConfessionsBot\node_modules\@discordjs\rest\src\lib\handlers\SequentialHandler.ts:99:14)
    at async REST.request (C:\Users\prami\OneDrive\Desktop\Stuff\ConfessionsBot\node_modules\@discordjs\rest\src\lib\REST.ts:50:22)
    at async InteractionWebhook.editMessage (C:\Users\prami\OneDrive\Desktop\Stuff\ConfessionsBot\node_modules\discord.js\src\structures\Webhook.js:325:15)
    at async ChatInputCommandInteraction.editReply (C:\Users\prami\OneDrive\Desktop\Stuff\ConfessionsBot\node_modules\discord.js\src\structures\interfaces\InteractionResponses.js:150:21)
    at async CommandClient.<anonymous> (C:\Users\prami\OneDrive\Desktop\Stuff\ConfessionsBot\src\events\interactionCreate.ts:115:15) {
  rawError: {
    code: 50035,
    errors: { embeds: [Object] },
    message: 'Invalid Form Body'
  },
  code: 50035,
  status: 400,
  method: 'PATCH',
  url: 'https://discord.com/api/v10/webhooks/959487685892911234/aW50ZXJhY3Rpb246MTAwNDExOTcyMjYyOTAyNTkwMjp3c2paRlA2UUExWHhyc0M1Y1NXNWZTYWd1d2twdlBaY3kxbWJHeDNHZDdGQmJvYmhDbzU5YWRYcU8ycFdsWm44NWJIOTlTdHQ5WlhzcG4zc2dhZm9tdWhsV1loZ0lRQUg2S0ZQN0NUc05NZkxTb3d4dEhjNHhHcFdhWjRBWm1IWA/messages/@original',
  requestBody: {
    files: [],
    json: {
      content: 'Pong!!\nRoundtrip latency is `431`ms\nWS heartbeat is `311`',
      tts: false,
      nonce: undefined,
      embeds: [Array],
      components: undefined,
      username: undefined,
      avatar_url: undefined,
      allowed_mentions: undefined,
      flags: undefined,
      message_reference: undefined,
      attachments: undefined,
      sticker_ids: undefined
    }
  }
} uncaughtException
Wed Aug 03 2022 01:44:30 GMT+0530 (India Standard Time) ||> DiscordAPIError[50035]: Invalid Form Body
embeds[0][LIST_ITEM_VALUE_REQUIRED]: List item values of ModelType are required
    at SequentialHandler.runRequest (C:\Users\prami\OneDrive\Desktop\Stuff\ConfessionsBot\node_modules\@discordjs\rest\src\lib\handlers\SequentialHandler.ts:287:15)
    at processTicksAndRejections (node:internal/process/task_queues:95:5)
    at async SequentialHandler.queueRequest (C:\Users\prami\OneDrive\Desktop\Stuff\ConfessionsBot\node_modules\@discordjs\rest\src\lib\handlers\SequentialHandler.ts:99:14)
    at async REST.request (C:\Users\prami\OneDrive\Desktop\Stuff\ConfessionsBot\node_modules\@discordjs\rest\src\lib\REST.ts:50:22)
    at async InteractionWebhook.editMessage (C:\Users\prami\OneDrive\Desktop\Stuff\ConfessionsBot\node_modules\discord.js\src\structures\Webhook.js:325:15)
    at async ChatInputCommandInteraction.editReply (C:\Users\prami\OneDrive\Desktop\Stuff\ConfessionsBot\node_modules\discord.js\src\structures\interfaces\InteractionResponses.js:150:21)
    at async CommandClient.<anonymous> (C:\Users\prami\OneDrive\Desktop\Stuff\ConfessionsBot\src\events\interactionCreate.ts:115:15) {
  rawError: {
    code: 50035,
    errors: { embeds: [Object] },
    message: 'Invalid Form Body'
  },
  code: 50035,
  status: 400,
  method: 'PATCH',
  url: 'https://discord.com/api/v10/webhooks/959487685892911234/aW50ZXJhY3Rpb246MTAwNDEyMDAyNjgyMDkxMTIyNzpnVE1ObFNzelZVVXc4TXY0SUJydUFvbmF0NkRMdldKdjZYdFZlbXRHcHg2YUZtR0tieThoQXY5RG9yd0w4TW1WWHAwREdGa09lNm5VUTVzWGxoWjQwUzc0TWpURzVLeEpEOGh6N1NvM0tGc2FXcVZmSmVzb0dJbTNaTk5laWRENg/messages/@original',
  requestBody: {
    files: [],
    json: {
      content: 'Pong!!\nRoundtrip latency is `446`ms\nWS heartbeat is `305`',
      tts: false,
      nonce: undefined,
      embeds: [Array],
      components: undefined,
      username: undefined,
      avatar_url: undefined,
      allowed_mentions: undefined,
      flags: undefined,
      message_reference: undefined,
      attachments: undefined,
      sticker_ids: undefined
    }
  }
} uncaughtException
Wed Aug 03 2022 01:48:39 GMT+0530 (India Standard Time) ||> Error [InteractionCollectorError]: Collector received no interactions before ending with reason: time
    at InteractionCollector.<anonymous> (C:\Users\prami\OneDrive\Desktop\Stuff\ConfessionsBot\node_modules\discord.js\src\structures\interfaces\InteractionResponses.js:281:21)
    at Object.onceWrapper (node:events:628:26)
    at InteractionCollector.emit (node:events:525:35)
    at InteractionCollector.emit (node:domain:489:12)
    at InteractionCollector.stop (C:\Users\prami\OneDrive\Desktop\Stuff\ConfessionsBot\node_modules\discord.js\src\structures\interfaces\Collector.js:218:10)
    at Timeout.<anonymous> (C:\Users\prami\OneDrive\Desktop\Stuff\ConfessionsBot\node_modules\discord.js\src\structures\interfaces\Collector.js:96:61)
    at listOnTimeout (node:internal/timers:564:17)
    at processTimers (node:internal/timers:507:7) {
  code: 'InteractionCollectorError'
}
Wed Aug 03 2022 01:52:11 GMT+0530 (India Standard Time) ||> ReferenceError: discord is not defined
    at eval (eval at execute (C:\Users\prami\OneDrive\Desktop\Stuff\ConfessionsBot\src\commands\eval.ts:51:27), <anonymous>:1:1)
    at Eval.execute (C:\Users\prami\OneDrive\Desktop\Stuff\ConfessionsBot\src\commands\eval.ts:51:27)
    at processTicksAndRejections (node:internal/process/task_queues:95:5)
    at async CommandClient.<anonymous> (C:\Users\prami\OneDrive\Desktop\Stuff\ConfessionsBot\src\events\interactionCreate.ts:115:15)
Sat Aug 06 2022 01:11:29 GMT+0530 (India Standard Time) ||> ReferenceError: botClient is not defined
    at CommandClient.<anonymous> (C:\Users\prami\OneDrive\Desktop\Stuff\Counting Bot\src\events\messageCreate.ts:11:54)
    at CommandClient.emit (node:events:513:28)
    at CommandClient.emit (node:domain:489:12)
    at MessageCreateAction.handle (C:\Users\prami\OneDrive\Desktop\Stuff\Counting Bot\node_modules\discord.js\src\client\actions\MessageCreate.js:23:14)
    at Object.module.exports (C:\Users\prami\OneDrive\Desktop\Stuff\Counting Bot\node_modules\discord.js\src\client\websocket\handlers\MESSAGE_CREATE.js:4:32)
    at WebSocketManager.handlePacket (C:\Users\prami\OneDrive\Desktop\Stuff\Counting Bot\node_modules\discord.js\src\client\websocket\WebSocketManager.js:352:31)
    at WebSocketShard.onPacket (C:\Users\prami\OneDrive\Desktop\Stuff\Counting Bot\node_modules\discord.js\src\client\websocket\WebSocketShard.js:481:22)
    at WebSocketShard.onMessage (C:\Users\prami\OneDrive\Desktop\Stuff\Counting Bot\node_modules\discord.js\src\client\websocket\WebSocketShard.js:321:10)
    at WebSocket.onMessage (C:\Users\prami\OneDrive\Desktop\Stuff\Counting Bot\node_modules\ws\lib\event-target.js:199:18)
    at WebSocket.emit (node:events:513:28) uncaughtException
Sun Aug 07 2022 23:14:28 GMT+0530 (India Standard Time) ||> Error
    at Database.<anonymous> (C:\Users\prami\OneDrive\Desktop\Stuff\Counting_Bot\node_modules\sequelize\src\dialects\sqlite\query.js:227:27)
    at C:\Users\prami\OneDrive\Desktop\Stuff\Counting_Bot\node_modules\sequelize\src\dialects\sqlite\query.js:225:50
    at new Promise (<anonymous>)
    at Query.run (C:\Users\prami\OneDrive\Desktop\Stuff\Counting_Bot\node_modules\sequelize\src\dialects\sqlite\query.js:225:12)
    at C:\Users\prami\OneDrive\Desktop\Stuff\Counting_Bot\node_modules\sequelize\src\sequelize.js:641:28
    at processTicksAndRejections (node:internal/process/task_queues:95:5)
    at async SQLiteQueryInterface.select (C:\Users\prami\OneDrive\Desktop\Stuff\Counting_Bot\node_modules\sequelize\src\dialects\abstract\query-interface.js:1001:12)
    at async Function.findAll (C:\Users\prami\OneDrive\Desktop\Stuff\Counting_Bot\node_modules\sequelize\src\model.js:1816:21)
    at async C:\Users\prami\OneDrive\Desktop\Stuff\Counting_Bot\src\clientstart.ts:92:17 {
  name: 'SequelizeDatabaseError',
  parent: [Error: SQLITE_ERROR: no such column: lastMessageId] {
    errno: 1,
    code: 'SQLITE_ERROR',
    sql: 'SELECT `guildId`, `count`, `highestCount`, `lastMessageId`, `createdAt`, `updatedAt` FROM `Counts` AS `Counts`;'
  },
  original: [Error: SQLITE_ERROR: no such column: lastMessageId] {
    errno: 1,
    code: 'SQLITE_ERROR',
    sql: 'SELECT `guildId`, `count`, `highestCount`, `lastMessageId`, `createdAt`, `updatedAt` FROM `Counts` AS `Counts`;'
  },
  sql: 'SELECT `guildId`, `count`, `highestCount`, `lastMessageId`, `createdAt`, `updatedAt` FROM `Counts` AS `Counts`;',
  parameters: {}
} Promise {
  <rejected> Error
      at Database.<anonymous> (C:\Users\prami\OneDrive\Desktop\Stuff\Counting_Bot\node_modules\sequelize\src\dialects\sqlite\query.js:227:27)
      at C:\Users\prami\OneDrive\Desktop\Stuff\Counting_Bot\node_modules\sequelize\src\dialects\sqlite\query.js:225:50
      at new Promise (<anonymous>)
      at Query.run (C:\Users\prami\OneDrive\Desktop\Stuff\Counting_Bot\node_modules\sequelize\src\dialects\sqlite\query.js:225:12)
      at C:\Users\prami\OneDrive\Desktop\Stuff\Counting_Bot\node_modules\sequelize\src\sequelize.js:641:28
      at processTicksAndRejections (node:internal/process/task_queues:95:5)
      at async SQLiteQueryInterface.select (C:\Users\prami\OneDrive\Desktop\Stuff\Counting_Bot\node_modules\sequelize\src\dialects\abstract\query-interface.js:1001:12)
      at async Function.findAll (C:\Users\prami\OneDrive\Desktop\Stuff\Counting_Bot\node_modules\sequelize\src\model.js:1816:21)
      at async C:\Users\prami\OneDrive\Desktop\Stuff\Counting_Bot\src\clientstart.ts:92:17 {
    name: 'SequelizeDatabaseError',
    parent: [Error: SQLITE_ERROR: no such column: lastMessageId] {
      errno: 1,
      code: 'SQLITE_ERROR',
      sql: 'SELECT `guildId`, `count`, `highestCount`, `lastMessageId`, `createdAt`, `updatedAt` FROM `Counts` AS `Counts`;'
    },
    original: [Error: SQLITE_ERROR: no such column: lastMessageId] {
      errno: 1,
      code: 'SQLITE_ERROR',
      sql: 'SELECT `guildId`, `count`, `highestCount`, `lastMessageId`, `createdAt`, `updatedAt` FROM `Counts` AS `Counts`;'
    },
    sql: 'SELECT `guildId`, `count`, `highestCount`, `lastMessageId`, `createdAt`, `updatedAt` FROM `Counts` AS `Counts`;',
    parameters: {}
  }
}
Sun Aug 07 2022 23:14:28 GMT+0530 (India Standard Time) ||> Process had closed. Restarting now.Sun Aug 07 2022 23:14:59 GMT+0530 (India Standard Time) ||> Did not find server config for 945355751260557393
Sun Aug 07 2022 23:15:05 GMT+0530 (India Standard Time) ||> Did not find server count for 945355751260557393
Sun Aug 07 2022 23:56:38 GMT+0530 (India Standard Time) ||> Error
    at Database.<anonymous> (C:\Users\prami\OneDrive\Desktop\Stuff\Counting_Bot\node_modules\sequelize\src\dialects\sqlite\query.js:227:27)
    at C:\Users\prami\OneDrive\Desktop\Stuff\Counting_Bot\node_modules\sequelize\src\dialects\sqlite\query.js:225:50
    at new Promise (<anonymous>)
    at Query.run (C:\Users\prami\OneDrive\Desktop\Stuff\Counting_Bot\node_modules\sequelize\src\dialects\sqlite\query.js:225:12)
    at C:\Users\prami\OneDrive\Desktop\Stuff\Counting_Bot\node_modules\sequelize\src\sequelize.js:641:28
    at async SQLiteQueryInterface.select (C:\Users\prami\OneDrive\Desktop\Stuff\Counting_Bot\node_modules\sequelize\src\dialects\abstract\query-interface.js:1001:12)
    at async Function.findAll (C:\Users\prami\OneDrive\Desktop\Stuff\Counting_Bot\node_modules\sequelize\src\model.js:1816:21)
    at async C:\Users\prami\OneDrive\Desktop\Stuff\Counting_Bot\src\clientstart.ts:97:18 {
  name: 'SequelizeDatabaseError',
  parent: [Error: SQLITE_ERROR: no such column: countingChannelId] {
    errno: 1,
    code: 'SQLITE_ERROR',
    sql: 'SELECT `guildId`, `countingChannelId`, `staffRoleId`, `deleteIfWrong`, `createdAt`, `updatedAt` FROM `Configurations` AS `Configs`;'
  },
  original: [Error: SQLITE_ERROR: no such column: countingChannelId] {
    errno: 1,
    code: 'SQLITE_ERROR',
    sql: 'SELECT `guildId`, `countingChannelId`, `staffRoleId`, `deleteIfWrong`, `createdAt`, `updatedAt` FROM `Configurations` AS `Configs`;'
  },
  sql: 'SELECT `guildId`, `countingChannelId`, `staffRoleId`, `deleteIfWrong`, `createdAt`, `updatedAt` FROM `Configurations` AS `Configs`;',
  parameters: {}
} Promise {
  <rejected> Error
      at Database.<anonymous> (C:\Users\prami\OneDrive\Desktop\Stuff\Counting_Bot\node_modules\sequelize\src\dialects\sqlite\query.js:227:27)
      at C:\Users\prami\OneDrive\Desktop\Stuff\Counting_Bot\node_modules\sequelize\src\dialects\sqlite\query.js:225:50
      at new Promise (<anonymous>)
      at Query.run (C:\Users\prami\OneDrive\Desktop\Stuff\Counting_Bot\node_modules\sequelize\src\dialects\sqlite\query.js:225:12)
      at C:\Users\prami\OneDrive\Desktop\Stuff\Counting_Bot\node_modules\sequelize\src\sequelize.js:641:28
      at async SQLiteQueryInterface.select (C:\Users\prami\OneDrive\Desktop\Stuff\Counting_Bot\node_modules\sequelize\src\dialects\abstract\query-interface.js:1001:12)
      at async Function.findAll (C:\Users\prami\OneDrive\Desktop\Stuff\Counting_Bot\node_modules\sequelize\src\model.js:1816:21)
      at async C:\Users\prami\OneDrive\Desktop\Stuff\Counting_Bot\src\clientstart.ts:97:18 {
    name: 'SequelizeDatabaseError',
    parent: [Error: SQLITE_ERROR: no such column: countingChannelId] {
      errno: 1,
      code: 'SQLITE_ERROR',
      sql: 'SELECT `guildId`, `countingChannelId`, `staffRoleId`, `deleteIfWrong`, `createdAt`, `updatedAt` FROM `Configurations` AS `Configs`;'
    },
    original: [Error: SQLITE_ERROR: no such column: countingChannelId] {
      errno: 1,
      code: 'SQLITE_ERROR',
      sql: 'SELECT `guildId`, `countingChannelId`, `staffRoleId`, `deleteIfWrong`, `createdAt`, `updatedAt` FROM `Configurations` AS `Configs`;'
    },
    sql: 'SELECT `guildId`, `countingChannelId`, `staffRoleId`, `deleteIfWrong`, `createdAt`, `updatedAt` FROM `Configurations` AS `Configs`;',
    parameters: {}
  }
}
Sun Aug 07 2022 23:56:38 GMT+0530 (India Standard Time) ||> Process had closed. Restarting now.Sun Aug 07 2022 23:57:08 GMT+0530 (India Standard Time) ||> Did not find server config for 945355751260557393
Sun Aug 07 2022 23:57:12 GMT+0530 (India Standard Time) ||> Did not find server count for 945355751260557393
Sun Aug 07 2022 23:57:42 GMT+0530 (India Standard Time) ||> Error
    at Database.<anonymous> (C:\Users\prami\OneDrive\Desktop\Stuff\Counting_Bot\node_modules\sequelize\src\dialects\sqlite\query.js:227:27)
    at C:\Users\prami\OneDrive\Desktop\Stuff\Counting_Bot\node_modules\sequelize\src\dialects\sqlite\query.js:225:50
    at new Promise (<anonymous>)
    at Query.run (C:\Users\prami\OneDrive\Desktop\Stuff\Counting_Bot\node_modules\sequelize\src\dialects\sqlite\query.js:225:12)
    at C:\Users\prami\OneDrive\Desktop\Stuff\Counting_Bot\node_modules\sequelize\src\sequelize.js:641:28
    at async SQLiteQueryInterface.insert (C:\Users\prami\OneDrive\Desktop\Stuff\Counting_Bot\node_modules\sequelize\src\dialects\abstract\query-interface.js:795:21)
    at async Configs.save (C:\Users\prami\OneDrive\Desktop\Stuff\Counting_Bot\node_modules\sequelize\src\model.js:4073:35)
    at async Function.create (C:\Users\prami\OneDrive\Desktop\Stuff\Counting_Bot\node_modules\sequelize\src\model.js:2280:12)
    at async Config.execute (C:\Users\prami\OneDrive\Desktop\Stuff\Counting_Bot\src\commands\config.ts:95:25)
    at async CommandClient.<anonymous> (C:\Users\prami\OneDrive\Desktop\Stuff\Counting_Bot\src\events\interactionCreate.ts:68:16) {
  name: 'SequelizeUniqueConstraintError',
  errors: [
    ValidationErrorItem {
      message: 'guildId must be unique',
      type: 'unique violation',
      path: 'guildId',
      value: '945355751260557393',
      origin: 'DB',
      instance: [Configs],
      validatorKey: 'not_unique',
      validatorName: null,
      validatorArgs: []
    }
  ],
  parent: [Error: SQLITE_CONSTRAINT: UNIQUE constraint failed: Configurations.guildId] {
    errno: 19,
    code: 'SQLITE_CONSTRAINT',
    sql: 'INSERT INTO `Configurations` (`guildId`,`createdAt`,`updatedAt`) VALUES ($1,$2,$3);'
  },
  original: [Error: SQLITE_CONSTRAINT: UNIQUE constraint failed: Configurations.guildId] {
    errno: 19,
    code: 'SQLITE_CONSTRAINT',
    sql: 'INSERT INTO `Configurations` (`guildId`,`createdAt`,`updatedAt`) VALUES ($1,$2,$3);'
  },
  fields: [ 'guildId' ],
  sql: 'INSERT INTO `Configurations` (`guildId`,`createdAt`,`updatedAt`) VALUES ($1,$2,$3);'
} uncaughtException
Wed Aug 10 2022 20:12:56 GMT+0530 (India Standard Time) ||> Did not find server config for 945355751260557393
Wed Aug 10 2022 20:13:01 GMT+0530 (India Standard Time) ||> Did not find server count for 945355751260557393
Wed Aug 10 2022 20:23:10 GMT+0530 (India Standard Time) ||> TypeError [CommandInteractionOptionNoSubcommand]: No subcommand specified for interaction.
    at CommandInteractionOptionResolver.getSubcommand (C:\Users\prami\OneDrive\Desktop\Stuff\Counting_Bot\node_modules\discord.js\src\structures\CommandInteractionOptionResolver.js:113:13)
    at Count.onBefore (C:\Users\prami\OneDrive\Desktop\Stuff\Counting_Bot\src\commands\count.ts:19:27)
    at CommandClient.<anonymous> (C:\Users\prami\OneDrive\Desktop\Stuff\Counting_Bot\src\events\interactionCreate.ts:55:64)
    at CommandClient.emit (node:events:513:28)
    at CommandClient.emit (node:domain:489:12)
    at InteractionCreateAction.handle (C:\Users\prami\OneDrive\Desktop\Stuff\Counting_Bot\node_modules\discord.js\src\client\actions\InteractionCreate.js:81:12)
    at Object.module.exports [as INTERACTION_CREATE] (C:\Users\prami\OneDrive\Desktop\Stuff\Counting_Bot\node_modules\discord.js\src\client\websocket\handlers\INTERACTION_CREATE.js:4:36)
    at WebSocketManager.handlePacket (C:\Users\prami\OneDrive\Desktop\Stuff\Counting_Bot\node_modules\discord.js\src\client\websocket\WebSocketManager.js:352:31)
    at WebSocketShard.onPacket (C:\Users\prami\OneDrive\Desktop\Stuff\Counting_Bot\node_modules\discord.js\src\client\websocket\WebSocketShard.js:481:22)
    at WebSocketShard.onMessage (C:\Users\prami\OneDrive\Desktop\Stuff\Counting_Bot\node_modules\discord.js\src\client\websocket\WebSocketShard.js:321:10) {
  code: 'CommandInteractionOptionNoSubcommand'
} uncaughtException
Wed Aug 10 2022 20:36:08 GMT+0530 (India Standard Time) ||> DiscordAPIError[50035]: Invalid Form Body
data.components[0].components[1][COMPONENT_LAYOUT_WIDTH_EXCEEDED]: The specified component exceeds the maximum width
data.components[0].components[2][COMPONENT_LAYOUT_WIDTH_EXCEEDED]: The specified component exceeds the maximum width
    at SequentialHandler.runRequest (C:\Users\prami\OneDrive\Desktop\Stuff\Counting_Bot\node_modules\@discordjs\rest\src\lib\handlers\SequentialHandler.ts:287:15)
    at processTicksAndRejections (node:internal/process/task_queues:95:5)
    at async SequentialHandler.queueRequest (C:\Users\prami\OneDrive\Desktop\Stuff\Counting_Bot\node_modules\@discordjs\rest\src\lib\handlers\SequentialHandler.ts:99:14)
    at async REST.request (C:\Users\prami\OneDrive\Desktop\Stuff\Counting_Bot\node_modules\@discordjs\rest\src\lib\REST.ts:50:22)
    at async ChatInputCommandInteraction.showModal (C:\Users\prami\OneDrive\Desktop\Stuff\Counting_Bot\node_modules\discord.js\src\structures\interfaces\InteractionResponses.js:245:5)
    at async Eval.execute (C:\Users\prami\OneDrive\Desktop\Stuff\Counting_Bot\src\commands\eval.ts:42:3)
    at async CommandClient.<anonymous> (C:\Users\prami\OneDrive\Desktop\Stuff\Counting_Bot\src\events\interactionCreate.ts:115:15) {
  rawError: {
    code: 50035,
    errors: { data: [Object] },
    message: 'Invalid Form Body'
  },
  code: 50035,
  status: 400,
  method: 'POST',
  url: 'https://discord.com/api/v10/interactions/1006941522945650769/aW50ZXJhY3Rpb246MTAwNjk0MTUyMjk0NTY1MDc2OTpsbjlsWms0Q0NWelZWbE1jQkkxUVB3V0FiT3hTVVNIbnNYMlZPMGROYzFRVXF2M2hKaVZieW5BMEpaY3ROS0lCY2xpUERsdWVhSkRaQ0NOZ2dlbEhGU1NoSFhGa2NRN3BLM016cElUbDZPNjc2RXRhWTVvakYxVWNSUlEzWE9reQ/callback',
  requestBody: { files: undefined, json: { type: 9, data: [Object] } }
} uncaughtException
Wed Aug 10 2022 20:43:12 GMT+0530 (India Standard Time) ||> C:\Users\prami\OneDrive\Desktop\Stuff\Counting_Bot\src\utils\botlog.ts:41
            console.trace(error.trim());
                                ^

TypeError: error.trim is not a function
    at process.error (C:\Users\prami\OneDrive\Desktop\Stuff\Counting_Bot\src\utils\botlog.ts:36:30)
    at process.emit (node:events:525:35)
    at process.emit (node:domain:489:12)
    at process.emit.sharedData.processEmitHook.installedValue [as emit] (C:\Users\prami\AppData\Roaming\npm\node_modules\ts-node\node_modules\@cspotcode\source-map-support\source-map-support.js:745:40)
    at process._fatalException (node:internal/process/execution:167:25)

Node.js v18.7.0
Wed Aug 10 2022 20:43:12 GMT+0530 (India Standard Time) ||> Process had closed with code: 7. Restarting now.Wed Aug 10 2022 20:44:28 GMT+0530 (India Standard Time) ||> TypeError [CommandInteractionOptionNoSubcommand]: No subcommand specified for interaction.Wed Aug 10 2022 20:44:28 GMT+0530 (India Standard Time) ||> Trace: TypeError [CommandInteractionOptionNoSubcommand]: No subcommand specified for interaction.
    at CommandInteractionOptionResolver.getSubcommand (C:\Users\prami\OneDrive\Desktop\Stuff\Counting_Bot\node_modules\discord.js\src\structures\CommandInteractionOptionResolver.js:113:13)
    at Count.onBefore (C:\Users\prami\OneDrive\Desktop\Stuff\Counting_Bot\src\commands\count.ts:19:27)
    at CommandClient.<anonymous> (C:\Users\prami\OneDrive\Desktop\Stuff\Counting_Bot\src\events\interactionCreate.ts:55:64)
    at CommandClient.emit (node:events:513:28)
    at CommandClient.emit (node:domain:489:12)
    at InteractionCreateAction.handle (C:\Users\prami\OneDrive\Desktop\Stuff\Counting_Bot\node_modules\discord.js\src\client\actions\InteractionCreate.js:81:12)
    at Object.module.exports [as INTERACTION_CREATE] (C:\Users\prami\OneDrive\Desktop\Stuff\Counting_Bot\node_modules\discord.js\src\client\websocket\handlers\INTERACTION_CREATE.js:4:36)
    at WebSocketManager.handlePacket (C:\Users\prami\OneDrive\Desktop\Stuff\Counting_Bot\node_modules\discord.js\src\client\websocket\WebSocketManager.js:352:31)
    at WebSocketShard.onPacket (C:\Users\prami\OneDrive\Desktop\Stuff\Counting_Bot\node_modules\discord.js\src\client\websocket\WebSocketShard.js:481:22)
    at WebSocketShard.onMessage (C:\Users\prami\OneDrive\Desktop\Stuff\Counting_Bot\node_modules\discord.js\src\client\websocket\WebSocketShard.js:321:10) {
  code: 'CommandInteractionOptionNoSubcommand'
}
    at process.error (C:\Users\prami\OneDrive\Desktop\Stuff\Counting_Bot\src\utils\botlog.ts:36:18)
    at process.emit (node:events:525:35)
    at process.emit (node:domain:489:12)
    at process.emit.sharedData.processEmitHook.installedValue [as emit] (C:\Users\prami\AppData\Roaming\npm\node_modules\ts-node\node_modules\@cspotcode\source-map-support\source-map-support.js:745:40)
    at process._fatalException (node:internal/process/execution:167:25)
Wed Aug 10 2022 20:44:28 GMT+0530 (India Standard Time) ||> C:\Users\prami\OneDrive\Desktop\Stuff\Counting_Bot\src\utils\botlog.ts:54
            webhook.send(`ERROR:\`\`\`ts\n${data.slice(0, 2026)}\`\`\``);
                                                 ^

TypeError: data.slice is not a function
    at Function._appendLog (C:\Users\prami\OneDrive\Desktop\Stuff\Counting_Bot\src\utils\botlog.ts:55:41)
    at process.error (C:\Users\prami\OneDrive\Desktop\Stuff\Counting_Bot\src\utils\botlog.ts:37:10)
    at process.emit (node:events:525:35)
    at process.emit (node:domain:489:12)
    at process.emit.sharedData.processEmitHook.installedValue [as emit] (C:\Users\prami\AppData\Roaming\npm\node_modules\ts-node\node_modules\@cspotcode\source-map-support\source-map-support.js:745:40)
    at process._fatalException (node:internal/process/execution:167:25)

Node.js v18.7.0
Wed Aug 10 2022 20:44:28 GMT+0530 (India Standard Time) ||> Process had closed with code: 7. Restarting now.Wed Aug 10 2022 20:44:57 GMT+0530 (India Standard Time) ||> TypeError [CommandInteractionOptionNoSubcommand]: No subcommand specified for interaction.Wed Aug 10 2022 20:44:57 GMT+0530 (India Standard Time) ||> Trace: TypeError [CommandInteractionOptionNoSubcommand]: No subcommand specified for interaction.
    at CommandInteractionOptionResolver.getSubcommand (C:\Users\prami\OneDrive\Desktop\Stuff\Counting_Bot\node_modules\discord.js\src\structures\CommandInteractionOptionResolver.js:113:13)
    at Count.onBefore (C:\Users\prami\OneDrive\Desktop\Stuff\Counting_Bot\src\commands\count.ts:19:27)
    at CommandClient.<anonymous> (C:\Users\prami\OneDrive\Desktop\Stuff\Counting_Bot\src\events\interactionCreate.ts:55:64)
    at CommandClient.emit (node:events:513:28)
    at CommandClient.emit (node:domain:489:12)
    at InteractionCreateAction.handle (C:\Users\prami\OneDrive\Desktop\Stuff\Counting_Bot\node_modules\discord.js\src\client\actions\InteractionCreate.js:81:12)
    at Object.module.exports [as INTERACTION_CREATE] (C:\Users\prami\OneDrive\Desktop\Stuff\Counting_Bot\node_modules\discord.js\src\client\websocket\handlers\INTERACTION_CREATE.js:4:36)
    at WebSocketManager.handlePacket (C:\Users\prami\OneDrive\Desktop\Stuff\Counting_Bot\node_modules\discord.js\src\client\websocket\WebSocketManager.js:352:31)
    at WebSocketShard.onPacket (C:\Users\prami\OneDrive\Desktop\Stuff\Counting_Bot\node_modules\discord.js\src\client\websocket\WebSocketShard.js:481:22)
    at WebSocketShard.onMessage (C:\Users\prami\OneDrive\Desktop\Stuff\Counting_Bot\node_modules\discord.js\src\client\websocket\WebSocketShard.js:321:10) {
  code: 'CommandInteractionOptionNoSubcommand'
}
    at process.error (C:\Users\prami\OneDrive\Desktop\Stuff\Counting_Bot\src\utils\botlog.ts:36:18)
    at process.emit (node:events:525:35)
    at process.emit (node:domain:489:12)
    at process.emit.sharedData.processEmitHook.installedValue [as emit] (C:\Users\prami\AppData\Roaming\npm\node_modules\ts-node\node_modules\@cspotcode\source-map-support\source-map-support.js:745:40)
    at process._fatalException (node:internal/process/execution:167:25)
Thu Aug 11 2022 18:11:44 GMT+0530 (India Standard Time) ||> node:internal/modules/cjs/loader:959
  throw err;
  ^

Error: Cannot find module './clientstart'
Require stack:
- C:\Users\prami\OneDrive\Desktop\Stuff\Counting_Bot\imaginaryUncacheableRequireResolveScript
    at Module._resolveFilename (node:internal/modules/cjs/loader:956:15)
    at Function.resolve (node:internal/modules/cjs/helpers:108:19)
    at requireResolveNonCached (C:\Users\prami\AppData\Roaming\npm\node_modules\ts-node\dist\bin.js:549:16)
    at getProjectSearchDir (C:\Users\prami\AppData\Roaming\npm\node_modules\ts-node\dist\bin.js:519:40)
    at phase3 (C:\Users\prami\AppData\Roaming\npm\node_modules\ts-node\dist\bin.js:267:27)
    at bootstrap (C:\Users\prami\AppData\Roaming\npm\node_modules\ts-node\dist\bin.js:47:30)
    at main (C:\Users\prami\AppData\Roaming\npm\node_modules\ts-node\dist\bin.js:33:12)
    at Object.<anonymous> (C:\Users\prami\AppData\Roaming\npm\node_modules\ts-node\dist\bin.js:579:5)
    at Module._compile (node:internal/modules/cjs/loader:1120:14)
    at Module._extensions..js (node:internal/modules/cjs/loader:1174:10) {
  code: 'MODULE_NOT_FOUND',
  requireStack: [
    'C:\\Users\\prami\\OneDrive\\Desktop\\Stuff\\Counting_Bot\\imaginaryUncacheableRequireResolveScript'
  ]
}

Node.js v18.7.0
Thu Aug 11 2022 18:11:44 GMT+0530 (India Standard Time) ||> Process had closed with code: 1. Restarting now.Fri Aug 12 2022 06:47:00 GMT+0530 (India Standard Time) ||> Error [InteractionAlreadyReplied]: The reply to this interaction has already been sent or deferred.Fri Aug 12 2022 06:47:00 GMT+0530 (India Standard Time) ||> Trace: Error [InteractionAlreadyReplied]: The reply to this interaction has already been sent or deferred.
    at process.error (C:\Users\prami\OneDrive\Desktop\Stuff\Counting_Bot\src\utils\botlog.ts:36:18)
    at process.emit (node:events:525:35)
    at process.emit (node:domain:489:12)
    at process.emit.sharedData.processEmitHook.installedValue [as emit] (C:\Users\prami\AppData\Roaming\npm\node_modules\ts-node\node_modules\@cspotcode\source-map-support\source-map-support.js:745:40)
    at process._fatalException (node:internal/process/execution:167:25)
Fri Aug 12 2022 06:54:36 GMT+0530 (India Standard Time) ||> Error [InteractionNotReplied]: The reply to this interaction has not been sent or deferred.Fri Aug 12 2022 06:54:36 GMT+0530 (India Standard Time) ||> Trace: Error [InteractionNotReplied]: The reply to this interaction has not been sent or deferred.
    at process.error (C:\Users\prami\OneDrive\Desktop\Stuff\Counting_Bot\src\utils\botlog.ts:36:18)
    at process.emit (node:events:525:35)
    at process.emit (node:domain:489:12)
    at process.emit.sharedData.processEmitHook.installedValue [as emit] (C:\Users\prami\AppData\Roaming\npm\node_modules\ts-node\node_modules\@cspotcode\source-map-support\source-map-support.js:745:40)
    at process._fatalException (node:internal/process/execution:167:25)
Fri Aug 12 2022 06:54:44 GMT+0530 (India Standard Time) ||> Error [InteractionNotReplied]: The reply to this interaction has not been sent or deferred.Fri Aug 12 2022 06:54:44 GMT+0530 (India Standard Time) ||> Trace: Error [InteractionNotReplied]: The reply to this interaction has not been sent or deferred.
    at process.error (C:\Users\prami\OneDrive\Desktop\Stuff\Counting_Bot\src\utils\botlog.ts:36:18)
    at process.emit (node:events:525:35)
    at process.emit (node:domain:489:12)
    at process.emit.sharedData.processEmitHook.installedValue [as emit] (C:\Users\prami\AppData\Roaming\npm\node_modules\ts-node\node_modules\@cspotcode\source-map-support\source-map-support.js:745:40)
    at process._fatalException (node:internal/process/execution:167:25)
Fri Aug 12 2022 07:09:17 GMT+0530 (India Standard Time) ||> Error [InteractionNotReplied]: The reply to this interaction has not been sent or deferred.Fri Aug 12 2022 07:09:17 GMT+0530 (India Standard Time) ||> Trace: Error [InteractionNotReplied]: The reply to this interaction has not been sent or deferred.
    at process.error (C:\Users\prami\OneDrive\Desktop\Stuff\Counting_Bot\src\utils\botlog.ts:36:18)
    at process.emit (node:events:525:35)
    at process.emit (node:domain:489:12)
    at process.emit.sharedData.processEmitHook.installedValue [as emit] (C:\Users\prami\AppData\Roaming\npm\node_modules\ts-node\node_modules\@cspotcode\source-map-support\source-map-support.js:745:40)
    at process._fatalException (node:internal/process/execution:167:25)
Fri Aug 12 2022 07:11:04 GMT+0530 (India Standard Time) ||> Error [InteractionNotReplied]: The reply to this interaction has not been sent or deferred.
    at ChatInputCommandInteraction.editReply (C:\Users\prami\OneDrive\Desktop\Stuff\Counting_Bot\node_modules\discord.js\src\structures\interfaces\InteractionResponses.js:149:48)
    at Count.onCancel (C:\Users\prami\OneDrive\Desktop\Stuff\Counting_Bot\src\commands\count.ts:114:6)
    at CommandClient.<anonymous> (C:\Users\prami\OneDrive\Desktop\Stuff\Counting_Bot\src\events\interactionCreate.ts:75:30)
    at processTicksAndRejections (node:internal/process/task_queues:95:5) {
  code: 'InteractionNotReplied'
}
Fri Aug 12 2022 07:45:05 GMT+0530 (India Standard Time) ||> Error [InteractionNotReplied]: The reply to this interaction has not been sent or deferred.Fri Aug 12 2022 07:45:05 GMT+0530 (India Standard Time) ||> Trace: Error [InteractionNotReplied]: The reply to this interaction has not been sent or deferred.
    at process.error (C:\Users\prami\OneDrive\Desktop\Stuff\Counting_Bot\src\utils\botlog.ts:36:18)
    at process.emit (node:events:525:35)
    at process.emit (node:domain:489:12)
    at process.emit.sharedData.processEmitHook.installedValue [as emit] (C:\Users\prami\AppData\Roaming\npm\node_modules\ts-node\node_modules\@cspotcode\source-map-support\source-map-support.js:745:40)
    at process._fatalException (node:internal/process/execution:167:25)
Fri Aug 12 2022 07:51:24 GMT+0530 (India Standard Time) ||> Did not find server config for 945355751260557393
Fri Aug 12 2022 07:51:27 GMT+0530 (India Standard Time) ||> Did not find server count for 945355751260557393
Fri Aug 12 2022 08:52:15 GMT+0530 (India Standard Time) ||> ReferenceError: BotClient is not definedFri Aug 12 2022 08:52:15 GMT+0530 (India Standard Time) ||> Trace: ReferenceError: BotClient is not defined
    at process.error (C:\Users\prami\OneDrive\Desktop\Stuff\Counting_Bot\src\utils\botlog.ts:36:18)
    at process.emit (node:events:525:35)
    at process.emit (node:domain:489:12)
    at process.emit.sharedData.processEmitHook.installedValue [as emit] (C:\Users\prami\AppData\Roaming\npm\node_modules\ts-node\node_modules\@cspotcode\source-map-support\source-map-support.js:745:40)
    at process._fatalException (node:internal/process/execution:167:25)
Fri Aug 12 2022 08:54:26 GMT+0530 (India Standard Time) ||> TypeError: Cannot read properties of undefined (reading 'counts')Fri Aug 12 2022 08:54:26 GMT+0530 (India Standard Time) ||> Trace: TypeError: Cannot read properties of undefined (reading 'counts')
    at process.error (C:\Users\prami\OneDrive\Desktop\Stuff\Counting_Bot\src\utils\botlog.ts:36:18)
    at process.emit (node:events:525:35)
    at process.emit (node:domain:489:12)
    at process.emit.sharedData.processEmitHook.installedValue [as emit] (C:\Users\prami\AppData\Roaming\npm\node_modules\ts-node\node_modules\@cspotcode\source-map-support\source-map-support.js:745:40)
    at process._fatalException (node:internal/process/execution:167:25)
Fri Aug 12 2022 09:09:35 GMT+0530 (India Standard Time) ||> TypeError: Cannot read properties of undefined (reading 'counts')Fri Aug 12 2022 09:09:35 GMT+0530 (India Standard Time) ||> Trace: TypeError: Cannot read properties of undefined (reading 'counts')
    at process.error (C:\Users\prami\OneDrive\Desktop\Stuff\Counting_Bot\src\utils\botlog.ts:36:18)
    at process.emit (node:events:525:35)
    at process.emit (node:domain:489:12)
    at process.emit.sharedData.processEmitHook.installedValue [as emit] (C:\Users\prami\AppData\Roaming\npm\node_modules\ts-node\node_modules\@cspotcode\source-map-support\source-map-support.js:745:40)
    at process._fatalException (node:internal/process/execution:167:25)
Fri Aug 12 2022 09:09:59 GMT+0530 (India Standard Time) ||> Did not find member count for guild 945355751260557393 with user 714473790939332679
Fri Aug 12 2022 09:10:01 GMT+0530 (India Standard Time) ||> SequelizeUniqueConstraintError: Validation errorFri Aug 12 2022 09:10:01 GMT+0530 (India Standard Time) ||> Trace: SequelizeUniqueConstraintError: Validation error
    at process.error (C:\Users\prami\OneDrive\Desktop\Stuff\Counting_Bot\src\utils\botlog.ts:36:18)
    at process.emit (node:events:525:35)
    at process.emit (node:domain:489:12)
    at process.emit.sharedData.processEmitHook.installedValue [as emit] (C:\Users\prami\AppData\Roaming\npm\node_modules\ts-node\node_modules\@cspotcode\source-map-support\source-map-support.js:745:40)
    at process._fatalException (node:internal/process/execution:167:25)
Fri Aug 12 2022 09:10:17 GMT+0530 (India Standard Time) ||> SequelizeUniqueConstraintError: Validation errorFri Aug 12 2022 09:10:17 GMT+0530 (India Standard Time) ||> Trace: SequelizeUniqueConstraintError: Validation error
    at process.error (C:\Users\prami\OneDrive\Desktop\Stuff\Counting_Bot\src\utils\botlog.ts:36:18)
    at process.emit (node:events:525:35)
    at process.emit (node:domain:489:12)
    at process.emit.sharedData.processEmitHook.installedValue [as emit] (C:\Users\prami\AppData\Roaming\npm\node_modules\ts-node\node_modules\@cspotcode\source-map-support\source-map-support.js:745:40)
    at process._fatalException (node:internal/process/execution:167:25)
Fri Aug 12 2022 09:11:49 GMT+0530 (India Standard Time) ||> Debugger attached.
Fri Aug 12 2022 09:15:43 GMT+0530 (India Standard Time) ||> Did not find member count for guild 945355751260557393 with user 714473790939332679
Fri Aug 12 2022 09:15:47 GMT+0530 (India Standard Time) ||> Did not find member count for guild 945355751260557393 with user 714473790939332679
Fri Aug 12 2022 09:15:50 GMT+0530 (India Standard Time) ||> Did not find member count for guild 945355751260557393 with user 714473790939332679
Fri Aug 12 2022 09:15:50 GMT+0530 (India Standard Time) ||> SequelizeValidationError: 12 is not a valid stringFri Aug 12 2022 09:15:50 GMT+0530 (India Standard Time) ||> Trace: SequelizeValidationError: 12 is not a valid string
    at process.error (C:\Users\prami\OneDrive\Desktop\Stuff\Counting_Bot\src\utils\botlog.ts:36:18)
    at process.emit (node:events:525:35)
    at process.emit (node:domain:489:12)
    at process.emit.sharedData.processEmitHook.installedValue [as emit] (C:\Users\prami\AppData\Roaming\npm\node_modules\ts-node\node_modules\@cspotcode\source-map-support\source-map-support.js:745:40)
    at process._fatalException (node:internal/process/execution:167:25)
Fri Aug 12 2022 09:15:56 GMT+0530 (India Standard Time) ||> Did not find member count for guild 945355751260557393 with user 714473790939332679
Fri Aug 12 2022 09:17:32 GMT+0530 (India Standard Time) ||> Did not find server config for 945355751260557393
Fri Aug 12 2022 09:17:35 GMT+0530 (India Standard Time) ||> Did not find server count for 945355751260557393
Fri Aug 12 2022 09:17:39 GMT+0530 (India Standard Time) ||> Did not find member count for guild 945355751260557393 with user 714473790939332679
Fri Aug 12 2022 09:17:43 GMT+0530 (India Standard Time) ||> Did not find member count for guild 945355751260557393 with user 714473790939332679
Fri Aug 12 2022 09:17:48 GMT+0530 (India Standard Time) ||> Did not find member count for guild 945355751260557393 with user 714473790939332679
Fri Aug 12 2022 09:17:52 GMT+0530 (India Standard Time) ||> Did not find member count for guild 945355751260557393 with user 714473790939332679
Fri Aug 12 2022 09:19:13 GMT+0530 (India Standard Time) ||> Did not find member count for guild 945355751260557393 with user 714473790939332679
Fri Aug 12 2022 09:19:15 GMT+0530 (India Standard Time) ||> Did not find member count for guild 945355751260557393 with user 714473790939332679
Fri Aug 12 2022 09:20:06 GMT+0530 (India Standard Time) ||> Did not find member count for guild 945355751260557393 with user 714473790939332679
Fri Aug 12 2022 10:21:27 GMT+0530 (India Standard Time) ||> TypeError: Cannot read properties of undefined (reading 'counts')Fri Aug 12 2022 10:21:27 GMT+0530 (India Standard Time) ||> Trace: TypeError: Cannot read properties of undefined (reading 'counts')
    at process.error (C:\Users\prami\OneDrive\Desktop\Stuff\Counting_Bot\src\utils\botlog.ts:36:18)
    at process.emit (node:events:525:35)
    at process.emit (node:domain:489:12)
    at process.emit.sharedData.processEmitHook.installedValue [as emit] (C:\Users\prami\AppData\Roaming\npm\node_modules\ts-node\node_modules\@cspotcode\source-map-support\source-map-support.js:745:40)
    at process._fatalException (node:internal/process/execution:167:25)
Fri Aug 12 2022 10:23:12 GMT+0530 (India Standard Time) ||> TypeError: Cannot read properties of undefined (reading 'counts')Fri Aug 12 2022 10:23:12 GMT+0530 (India Standard Time) ||> Trace: TypeError: Cannot read properties of undefined (reading 'counts')
    at process.error (C:\Users\prami\OneDrive\Desktop\Stuff\Counting_Bot\src\utils\botlog.ts:36:18)
    at process.emit (node:events:525:35)
    at process.emit (node:domain:489:12)
    at process.emit.sharedData.processEmitHook.installedValue [as emit] (C:\Users\prami\AppData\Roaming\npm\node_modules\ts-node\node_modules\@cspotcode\source-map-support\source-map-support.js:745:40)
    at process._fatalException (node:internal/process/execution:167:25)
Fri Aug 12 2022 10:24:24 GMT+0530 (India Standard Time) ||> Debugger attached.
Fri Aug 12 2022 10:28:17 GMT+0530 (India Standard Time) ||> Debugger attached.
Fri Aug 12 2022 10:28:30 GMT+0530 (India Standard Time) ||> TypeError: Cannot read properties of undefined (reading 'counts')Fri Aug 12 2022 10:28:30 GMT+0530 (India Standard Time) ||> Trace: TypeError: Cannot read properties of undefined (reading 'counts')
    at process.error (C:\Users\prami\OneDrive\Desktop\Stuff\Counting_Bot\src\utils\botlog.ts:36:18)
    at process.emit (node:events:525:35)
    at process.emit (node:domain:489:12)
    at process.emit.sharedData.processEmitHook.installedValue [as emit] (C:\Users\prami\AppData\Roaming\npm\node_modules\ts-node\node_modules\@cspotcode\source-map-support\source-map-support.js:745:40)
    at process._fatalException (node:internal/process/execution:167:25)
Fri Aug 12 2022 10:28:50 GMT+0530 (India Standard Time) ||> Debugger attached.
Fri Aug 12 2022 11:02:34 GMT+0530 (India Standard Time) ||> SequelizeValidationError: 1 is not a valid stringFri Aug 12 2022 11:02:34 GMT+0530 (India Standard Time) ||> Trace: SequelizeValidationError: 1 is not a valid string
    at process.error (C:\Users\prami\OneDrive\Desktop\Stuff\Counting_Bot\src\utils\botlog.ts:36:18)
    at process.emit (node:events:525:35)
    at process.emit (node:domain:489:12)
    at process.emit.sharedData.processEmitHook.installedValue [as emit] (C:\Users\prami\AppData\Roaming\npm\node_modules\ts-node\node_modules\@cspotcode\source-map-support\source-map-support.js:745:40)
    at process._fatalException (node:internal/process/execution:167:25)
Fri Aug 12 2022 11:02:35 GMT+0530 (India Standard Time) ||> SequelizeValidationError: 2 is not a valid stringFri Aug 12 2022 11:02:35 GMT+0530 (India Standard Time) ||> Trace: SequelizeValidationError: 2 is not a valid string
    at process.error (C:\Users\prami\OneDrive\Desktop\Stuff\Counting_Bot\src\utils\botlog.ts:36:18)
    at process.emit (node:events:525:35)
    at process.emit (node:domain:489:12)
    at process.emit.sharedData.processEmitHook.installedValue [as emit] (C:\Users\prami\AppData\Roaming\npm\node_modules\ts-node\node_modules\@cspotcode\source-map-support\source-map-support.js:745:40)
    at process._fatalException (node:internal/process/execution:167:25)
Fri Aug 12 2022 11:02:36 GMT+0530 (India Standard Time) ||> SequelizeValidationError: 3 is not a valid stringFri Aug 12 2022 11:02:36 GMT+0530 (India Standard Time) ||> Trace: SequelizeValidationError: 3 is not a valid string
    at process.error (C:\Users\prami\OneDrive\Desktop\Stuff\Counting_Bot\src\utils\botlog.ts:36:18)
    at process.emit (node:events:525:35)
    at process.emit (node:domain:489:12)
    at process.emit.sharedData.processEmitHook.installedValue [as emit] (C:\Users\prami\AppData\Roaming\npm\node_modules\ts-node\node_modules\@cspotcode\source-map-support\source-map-support.js:745:40)
    at process._fatalException (node:internal/process/execution:167:25)
Fri Aug 12 2022 11:02:37 GMT+0530 (India Standard Time) ||> SequelizeValidationError: 4 is not a valid stringFri Aug 12 2022 11:02:37 GMT+0530 (India Standard Time) ||> Trace: SequelizeValidationError: 4 is not a valid string
    at process.error (C:\Users\prami\OneDrive\Desktop\Stuff\Counting_Bot\src\utils\botlog.ts:36:18)
    at process.emit (node:events:525:35)
    at process.emit (node:domain:489:12)
    at process.emit.sharedData.processEmitHook.installedValue [as emit] (C:\Users\prami\AppData\Roaming\npm\node_modules\ts-node\node_modules\@cspotcode\source-map-support\source-map-support.js:745:40)
    at process._fatalException (node:internal/process/execution:167:25)
Fri Aug 12 2022 11:11:25 GMT+0530 (India Standard Time) ||> Did not find member count for guild 945355751260557393 with user 300580046563704832
Fri Aug 12 2022 12:18:18 GMT+0530 (India Standard Time) ||> ReferenceError: aaaaaaaaaaaaaaaaaaaaaaaaaaa is not definedFri Aug 12 2022 12:18:18 GMT+0530 (India Standard Time) ||> Trace: ReferenceError: aaaaaaaaaaaaaaaaaaaaaaaaaaa is not defined
    at Function.error (C:\Users\prami\OneDrive\Desktop\Stuff\Counting_Bot\src\utils\botlog.ts:36:18)
    at Eval.execute (C:\Users\prami\OneDrive\Desktop\Stuff\Counting_Bot\src\commands\eval.ts:80:12)
    at processTicksAndRejections (node:internal/process/task_queues:95:5)
    at async CommandClient.<anonymous> (C:\Users\prami\OneDrive\Desktop\Stuff\Counting_Bot\src\events\interactionCreate.ts:121:15)
Fri Aug 12 2022 21:39:57 GMT+0530 (India Standard Time) ||> Could not find ConfigType resetIfWrong
Fri Aug 12 2022 21:41:54 GMT+0530 (India Standard Time) ||> DiscordAPIError[50035]: Invalid Form Body
channel_id[NUMBER_TYPE_COERCE]: Value "y" is not snowflake.
    at SequentialHandler.runRequest (C:\Users\prami\OneDrive\Desktop\Stuff\Counting_Bot\node_modules\@discordjs\rest\src\lib\handlers\SequentialHandler.ts:287:15)
    at processTicksAndRejections (node:internal/process/task_queues:95:5)
    at async SequentialHandler.queueRequest (C:\Users\prami\OneDrive\Desktop\Stuff\Counting_Bot\node_modules\@discordjs\rest\src\lib\handlers\SequentialHandler.ts:99:14)
    at async REST.request (C:\Users\prami\OneDrive\Desktop\Stuff\Counting_Bot\node_modules\@discordjs\rest\src\lib\REST.ts:50:22)
    at async GuildChannelManager.fetch (C:\Users\prami\OneDrive\Desktop\Stuff\Counting_Bot\node_modules\discord.js\src\managers\GuildChannelManager.js:339:20)
    at async Config.execute (C:\Users\prami\OneDrive\Desktop\Stuff\Counting_Bot\src\commands\config.ts:112:22)
    at async CommandClient.<anonymous> (C:\Users\prami\OneDrive\Desktop\Stuff\Counting_Bot\src\events\interactionCreate.ts:69:16) {
  rawError: {
    code: 50035,
    errors: { channel_id: [Object] },
    message: 'Invalid Form Body'
  },
  code: 50035,
  status: 400,
  method: 'GET',
  url: 'https://discord.com/api/v10/channels/y',
  requestBody: { files: undefined, json: undefined }
}
