Thu Jul 28 2022 03:40:35 GMT+0530 (India Standard Time) ||> ConfessionsBot#5783 has logged in.
Thu Jul 28 2022 03:42:12 GMT+0530 (India Standard Time) ||> ConfessionsBot#5783 has logged in.
Wed Aug 03 2022 01:40:37 GMT+0530 (India Standard Time) ||> ConfessionsBot#5783 has logged in.
Wed Aug 03 2022 01:41:43 GMT+0530 (India Standard Time) ||> ConfessionsBot#5783 has logged in.
Wed Aug 03 2022 01:43:07 GMT+0530 (India Standard Time) ||> ConfessionsBot#5783 has logged in.
Wed Aug 03 2022 01:44:41 GMT+0530 (India Standard Time) ||> ConfessionsBot#5783 has logged in.
Wed Aug 03 2022 01:47:55 GMT+0530 (India Standard Time) ||> ConfessionsBot#5783 has logged in.
Wed Aug 03 2022 01:48:13 GMT+0530 (India Standard Time) ||> Registering commands...
Wed Aug 03 2022 01:48:13 GMT+0530 (India Standard Time) ||> ConfessionsBot#5783 has logged in.
Wed Aug 03 2022 01:48:14 GMT+0530 (India Standard Time) ||> Registered commands successfully...
Wed Aug 03 2022 01:49:31 GMT+0530 (India Standard Time) ||> ConfessionsBot#5783 has logged in.
Wed Aug 03 2022 01:50:26 GMT+0530 (India Standard Time) ||> ConfessionsBot#5783 has logged in.
Wed Aug 03 2022 01:50:43 GMT+0530 (India Standard Time) ||> aW50ZXJhY3Rpb246MTAwNDEyMTUyODM5ODUyODU1NDpmbGFBZTVJMzBWb1NzWkNLYWVaZFRWajAwcHpvQkFqVnRON2VvWjVySEtDczRGcnVsc2s5cXhkVXZZbVJrb2JGODN2ZTN3OUhvTk5MV2E2QklvQW9aaFZIMTZZSUFlU0cxOVN5ZGU1WGVDWUVNcWxNZWdSZ0dQREhuQWZIR3ZUdw
Wed Aug 03 2022 01:51:57 GMT+0530 (India Standard Time) ||> ConfessionsBot#5783 has logged in.
Thu Aug 04 2022 01:06:44 GMT+0530 (India Standard Time) ||> ConfessionsBot#5783 has logged in.
Sat Aug 06 2022 01:11:29 GMT+0530 (India Standard Time) ||> Registering commands...
Sat Aug 06 2022 01:11:29 GMT+0530 (India Standard Time) ||> Counting Bot#7843 has logged in.
Sat Aug 06 2022 01:11:29 GMT+0530 (India Standard Time) ||> Registered commands successfully...
Sat Aug 06 2022 01:16:14 GMT+0530 (India Standard Time) ||> Counting Bot#7843 has logged in.
Sun Aug 07 2022 23:14:58 GMT+0530 (India Standard Time) ||> Counting Bot#7843 has logged in.
Sun Aug 07 2022 23:19:53 GMT+0530 (India Standard Time) ||> Counting Bot#7843 has logged in.
Sun Aug 07 2022 23:35:57 GMT+0530 (India Standard Time) ||> Counting Bot#7843 has logged in.
Sun Aug 07 2022 23:57:08 GMT+0530 (India Standard Time) ||> Counting Bot#7843 has logged in.
Mon Aug 08 2022 00:15:29 GMT+0530 (India Standard Time) ||> Counting Bot#7843 has logged in.
Mon Aug 08 2022 00:22:22 GMT+0530 (India Standard Time) ||> Counting Bot#7843 has logged in.
Mon Aug 08 2022 00:32:02 GMT+0530 (India Standard Time) ||> Counting Bot#7843 has logged in.
Mon Aug 08 2022 00:32:49 GMT+0530 (India Standard Time) ||> Counting Bot#7843 has logged in.
Mon Aug 08 2022 00:44:04 GMT+0530 (India Standard Time) ||> Counting Bot#7843 has logged in.
Mon Aug 08 2022 00:46:03 GMT+0530 (India Standard Time) ||> Counting Bot#7843 has logged in.
Mon Aug 08 2022 00:47:29 GMT+0530 (India Standard Time) ||> Counting Bot#7843 has logged in.
Mon Aug 08 2022 00:50:28 GMT+0530 (India Standard Time) ||> Counting Bot#7843 has logged in.
Mon Aug 08 2022 00:51:03 GMT+0530 (India Standard Time) ||> Counting Bot#7843 has logged in.
Mon Aug 08 2022 00:51:51 GMT+0530 (India Standard Time) ||> Counting Bot#7843 has logged in.
Mon Aug 08 2022 01:37:29 GMT+0530 (India Standard Time) ||> Counting Bot#7843 has logged in.
Mon Aug 08 2022 01:38:58 GMT+0530 (India Standard Time) ||> Counting Bot#7843 has logged in.
Mon Aug 08 2022 01:39:02 GMT+0530 (India Standard Time) ||> undefined
Mon Aug 08 2022 01:40:20 GMT+0530 (India Standard Time) ||> Counting Bot#7843 has logged in.
Mon Aug 08 2022 01:40:27 GMT+0530 (India Standard Time) ||> undefined
Mon Aug 08 2022 01:41:13 GMT+0530 (India Standard Time) ||> Counting Bot#7843 has logged in.
Mon Aug 08 2022 01:41:39 GMT+0530 (India Standard Time) ||> Counting Bot#7843 has logged in.
Mon Aug 08 2022 01:41:42 GMT+0530 (India Standard Time) ||> [ 'countingChannelId', 'staffRoleId', 'deleteIfWrong' ]
deleteIfWrong
Mon Aug 08 2022 01:43:46 GMT+0530 (India Standard Time) ||> Counting Bot#7843 has logged in.
Mon Aug 08 2022 01:44:18 GMT+0530 (India Standard Time) ||> Counting Bot#7843 has logged in.
Mon Aug 08 2022 01:45:47 GMT+0530 (India Standard Time) ||> Counting Bot#7843 has logged in.
Mon Aug 08 2022 01:47:23 GMT+0530 (India Standard Time) ||> Counting Bot#7843 has logged in.
Mon Aug 08 2022 01:48:13 GMT+0530 (India Standard Time) ||> Counting Bot#7843 has logged in.
Mon Aug 08 2022 01:49:21 GMT+0530 (India Standard Time) ||> Counting Bot#7843 has logged in.
Wed Aug 10 2022 20:12:56 GMT+0530 (India Standard Time) ||> Counting Bot#7843 has logged in.
Wed Aug 10 2022 20:22:34 GMT+0530 (India Standard Time) ||> Counting Bot#7843 has logged in.
Wed Aug 10 2022 20:22:56 GMT+0530 (India Standard Time) ||> Registering commands...
Wed Aug 10 2022 20:22:56 GMT+0530 (India Standard Time) ||> Counting Bot#7843 has logged in.
Wed Aug 10 2022 20:22:56 GMT+0530 (India Standard Time) ||> Registered commands successfully!
Wed Aug 10 2022 20:34:35 GMT+0530 (India Standard Time) ||> Counting Bot#7843 has logged in.
Wed Aug 10 2022 20:35:57 GMT+0530 (India Standard Time) ||> Counting Bot#7843 has logged in.
Wed Aug 10 2022 20:38:37 GMT+0530 (India Standard Time) ||> Counting Bot#7843 has logged in.
Wed Aug 10 2022 20:39:51 GMT+0530 (India Standard Time) ||> Counting Bot#7843 has logged in.
Wed Aug 10 2022 20:44:22 GMT+0530 (India Standard Time) ||> Counting Bot#7843 has logged in.
Wed Aug 10 2022 20:44:53 GMT+0530 (India Standard Time) ||> Counting Bot#7843 has logged in.
Thu Aug 11 2022 18:12:22 GMT+0530 (India Standard Time) ||> Registering commands...
Thu Aug 11 2022 18:12:22 GMT+0530 (India Standard Time) ||> Counting Bot#7843 has logged in.
Thu Aug 11 2022 18:12:22 GMT+0530 (India Standard Time) ||> Registered commands successfully!
Fri Aug 12 2022 06:46:52 GMT+0530 (India Standard Time) ||> Counting Bot#7843 has logged in.
Fri Aug 12 2022 06:54:36 GMT+0530 (India Standard Time) ||> Counting Bot#7843 has logged in.
Fri Aug 12 2022 07:02:49 GMT+0530 (India Standard Time) ||> Counting Bot#7843 has logged in.
Fri Aug 12 2022 07:03:59 GMT+0530 (India Standard Time) ||> Counting Bot#7843 has logged in.
Fri Aug 12 2022 07:06:17 GMT+0530 (India Standard Time) ||> Counting Bot#7843 has logged in.
Fri Aug 12 2022 07:09:14 GMT+0530 (India Standard Time) ||> Counting Bot#7843 has logged in.
Fri Aug 12 2022 07:10:52 GMT+0530 (India Standard Time) ||> Counting Bot#7843 has logged in.
Fri Aug 12 2022 07:16:27 GMT+0530 (India Standard Time) ||> Counting Bot#7843 has logged in.
Fri Aug 12 2022 07:18:29 GMT+0530 (India Standard Time) ||> Counting Bot#7843 has logged in.
Fri Aug 12 2022 07:19:35 GMT+0530 (India Standard Time) ||> Counting Bot#7843 has logged in.
Fri Aug 12 2022 07:19:37 GMT+0530 (India Standard Time) ||> getting config
getting count
getting embed
Fri Aug 12 2022 07:19:37 GMT+0530 (India Standard Time) ||> getting editing reply
Fri Aug 12 2022 07:23:04 GMT+0530 (India Standard Time) ||> Counting Bot#7843 has logged in.
Fri Aug 12 2022 07:25:12 GMT+0530 (India Standard Time) ||> Counting Bot#7843 has logged in.
Fri Aug 12 2022 07:45:00 GMT+0530 (India Standard Time) ||> Counting Bot#7843 has logged in.
Fri Aug 12 2022 07:46:34 GMT+0530 (India Standard Time) ||> Counting Bot#7843 has logged in.
Fri Aug 12 2022 07:50:47 GMT+0530 (India Standard Time) ||> Counting Bot#7843 has logged in.
Fri Aug 12 2022 08:00:02 GMT+0530 (India Standard Time) ||> Counting Bot#7843 has logged in.
Fri Aug 12 2022 08:38:17 GMT+0530 (India Standard Time) ||> Counting Bot#7843 has logged in.
Fri Aug 12 2022 08:39:11 GMT+0530 (India Standard Time) ||> Counting Bot#7843 has logged in.
Fri Aug 12 2022 08:44:27 GMT+0530 (India Standard Time) ||> Counting Bot#7843 has logged in.
Fri Aug 12 2022 08:52:14 GMT+0530 (India Standard Time) ||> Registering commands...
Fri Aug 12 2022 08:52:14 GMT+0530 (India Standard Time) ||> Counting Bot#7843 has logged in.
Fri Aug 12 2022 08:52:15 GMT+0530 (India Standard Time) ||> DiscordAPIError[50035]: Invalid Form Body
options[1][APPLICATION_COMMAND_OPTIONS_NAME_INVALID]: Option name server is already used in these options
    at SequentialHandler.runRequest (C:\Users\prami\OneDrive\Desktop\Stuff\Counting_Bot\node_modules\@discordjs\rest\src\lib\handlers\SequentialHandler.ts:287:15)
    at processTicksAndRejections (node:internal/process/task_queues:95:5)
    at async SequentialHandler.queueRequest (C:\Users\prami\OneDrive\Desktop\Stuff\Counting_Bot\node_modules\@discordjs\rest\src\lib\handlers\SequentialHandler.ts:99:14)
    at async REST.request (C:\Users\prami\OneDrive\Desktop\Stuff\Counting_Bot\node_modules\@discordjs\rest\src\lib\REST.ts:50:22) {
  rawError: {
    code: 50035,
    errors: { options: [Object] },
    message: 'Invalid Form Body'
  },
  code: 50035,
  status: 400,
  method: 'PUT',
  url: 'https://discord.com/api/v10/applications/1001198710266544288/commands',
  requestBody: {
    files: undefined,
    json: [ [Object], [Object], [Object], [Object] ]
  }
}
Fri Aug 12 2022 08:54:16 GMT+0530 (India Standard Time) ||> Registering commands...
Fri Aug 12 2022 08:54:16 GMT+0530 (India Standard Time) ||> Counting Bot#7843 has logged in.
Fri Aug 12 2022 08:54:17 GMT+0530 (India Standard Time) ||> Registered commands successfully!
Fri Aug 12 2022 09:09:27 GMT+0530 (India Standard Time) ||> Counting Bot#7843 has logged in.
Fri Aug 12 2022 09:11:55 GMT+0530 (India Standard Time) ||> Counting Bot#7843 has logged in.
Fri Aug 12 2022 09:15:37 GMT+0530 (India Standard Time) ||> Counting Bot#7843 has logged in.
Fri Aug 12 2022 09:17:24 GMT+0530 (India Standard Time) ||> Counting Bot#7843 has logged in.
Fri Aug 12 2022 09:19:08 GMT+0530 (India Standard Time) ||> Counting Bot#7843 has logged in.
Fri Aug 12 2022 09:19:47 GMT+0530 (India Standard Time) ||> Collection(1) [Map] {
  { guildId: '945355751260557393', userId: '714473790939332679' } => MemberCounts {
    dataValues: {
      userId: '714473790939332679',
      guildId: '945355751260557393',
      counts: 0,
      lastCount: '0',
      createdAt: 2022-08-12T03:47:39.320Z,
      updatedAt: 2022-08-12T03:47:39.320Z
    },
    _previousDataValues: {
      userId: '714473790939332679',
      guildId: '945355751260557393',
      counts: 0,
      lastCount: '0',
      createdAt: 2022-08-12T03:47:39.320Z,
      updatedAt: 2022-08-12T03:47:39.320Z
    },
    uniqno: 1,
    _changed: Set(0) {},
    _options: {
      isNewRecord: false,
      _schema: null,
      _schemaDelimiter: '',
      raw: true,
      attributes: [Array]
    },
    isNewRecord: false
  }
}
Fri Aug 12 2022 09:19:48 GMT+0530 (India Standard Time) ||> Counting Bot#7843 has logged in.
Fri Aug 12 2022 09:43:42 GMT+0530 (India Standard Time) ||> Collection(1) [Map] {
  { guildId: '945355751260557393', userId: '714473790939332679' } => MemberCounts {
    dataValues: {
      userId: '714473790939332679',
      guildId: '945355751260557393',
      counts: 0,
      lastCount: '0',
      createdAt: 2022-08-12T03:47:39.320Z,
      updatedAt: 2022-08-12T03:47:39.320Z
    },
    _previousDataValues: {
      userId: '714473790939332679',
      guildId: '945355751260557393',
      counts: 0,
      lastCount: '0',
      createdAt: 2022-08-12T03:47:39.320Z,
      updatedAt: 2022-08-12T03:47:39.320Z
    },
    uniqno: 1,
    _changed: Set(0) {},
    _options: {
      isNewRecord: false,
      _schema: null,
      _schemaDelimiter: '',
      raw: true,
      attributes: [Array]
    },
    isNewRecord: false
  }
}
Fri Aug 12 2022 09:43:43 GMT+0530 (India Standard Time) ||> Counting Bot#7843 has logged in.
Fri Aug 12 2022 10:21:16 GMT+0530 (India Standard Time) ||> Collection(1) [Map] {
  { guildId: '945355751260557393', userId: '714473790939332679' } => MemberCounts {
    dataValues: {
      userId: '714473790939332679',
      guildId: '945355751260557393',
      counts: 0,
      lastCount: '0',
      createdAt: 2022-08-12T03:47:39.320Z,
      updatedAt: 2022-08-12T03:47:39.320Z
    },
    _previousDataValues: {
      userId: '714473790939332679',
      guildId: '945355751260557393',
      counts: 0,
      lastCount: '0',
      createdAt: 2022-08-12T03:47:39.320Z,
      updatedAt: 2022-08-12T03:47:39.320Z
    },
    uniqno: 1,
    _changed: Set(0) {},
    _options: {
      isNewRecord: false,
      _schema: null,
      _schemaDelimiter: '',
      raw: true,
      attributes: [Array]
    },
    isNewRecord: false
  }
}
Fri Aug 12 2022 10:21:17 GMT+0530 (India Standard Time) ||> Counting Bot#7843 has logged in.
Fri Aug 12 2022 10:22:44 GMT+0530 (India Standard Time) ||> Collection(1) [Map] {
  { guildId: '945355751260557393', userId: '714473790939332679' } => MemberCounts {
    dataValues: {
      userId: '714473790939332679',
      guildId: '945355751260557393',
      counts: 0,
      lastCount: '0',
      createdAt: 2022-08-12T03:47:39.320Z,
      updatedAt: 2022-08-12T03:47:39.320Z
    },
    _previousDataValues: {
      userId: '714473790939332679',
      guildId: '945355751260557393',
      counts: 0,
      lastCount: '0',
      createdAt: 2022-08-12T03:47:39.320Z,
      updatedAt: 2022-08-12T03:47:39.320Z
    },
    uniqno: 1,
    _changed: Set(0) {},
    _options: {
      isNewRecord: false,
      _schema: null,
      _schemaDelimiter: '',
      raw: true,
      attributes: [Array]
    },
    isNewRecord: false
  }
}
Fri Aug 12 2022 10:22:45 GMT+0530 (India Standard Time) ||> Counting Bot#7843 has logged in.
Fri Aug 12 2022 10:24:28 GMT+0530 (India Standard Time) ||> Collection(1) [Map] {
  { guildId: '945355751260557393', userId: '714473790939332679' } => MemberCounts {
    dataValues: {
      userId: '714473790939332679',
      guildId: '945355751260557393',
      counts: 0,
      lastCount: '0',
      createdAt: 2022-08-12T03:47:39.320Z,
      updatedAt: 2022-08-12T03:47:39.320Z
    },
    _previousDataValues: {
      userId: '714473790939332679',
      guildId: '945355751260557393',
      counts: 0,
      lastCount: '0',
      createdAt: 2022-08-12T03:47:39.320Z,
      updatedAt: 2022-08-12T03:47:39.320Z
    },
    uniqno: 1,
    _changed: Set(0) {},
    _options: {
      isNewRecord: false,
      _schema: null,
      _schemaDelimiter: '',
      raw: true,
      attributes: [Array]
    },
    isNewRecord: false
  }
}
Fri Aug 12 2022 10:24:30 GMT+0530 (India Standard Time) ||> Counting Bot#7843 has logged in.
Fri Aug 12 2022 10:28:22 GMT+0530 (India Standard Time) ||> Collection(1) [Map] {
  { guildId: '945355751260557393', userId: '714473790939332679' } => MemberCounts {
    dataValues: {
      userId: '714473790939332679',
      guildId: '945355751260557393',
      counts: 0,
      lastCount: '0',
      createdAt: 2022-08-12T03:47:39.320Z,
      updatedAt: 2022-08-12T03:47:39.320Z
    },
    _previousDataValues: {
      userId: '714473790939332679',
      guildId: '945355751260557393',
      counts: 0,
      lastCount: '0',
      createdAt: 2022-08-12T03:47:39.320Z,
      updatedAt: 2022-08-12T03:47:39.320Z
    },
    uniqno: 1,
    _changed: Set(0) {},
    _options: {
      isNewRecord: false,
      _schema: null,
      _schemaDelimiter: '',
      raw: true,
      attributes: [Array]
    },
    isNewRecord: false
  }
}
Fri Aug 12 2022 10:28:23 GMT+0530 (India Standard Time) ||> Counting Bot#7843 has logged in.
Fri Aug 12 2022 10:28:54 GMT+0530 (India Standard Time) ||> Collection(1) [Map] {
  { guildId: '945355751260557393', userId: '714473790939332679' } => MemberCounts {
    dataValues: {
      userId: '714473790939332679',
      guildId: '945355751260557393',
      counts: 0,
      lastCount: '0',
      createdAt: 2022-08-12T03:47:39.320Z,
      updatedAt: 2022-08-12T03:47:39.320Z
    },
    _previousDataValues: {
      userId: '714473790939332679',
      guildId: '945355751260557393',
      counts: 0,
      lastCount: '0',
      createdAt: 2022-08-12T03:47:39.320Z,
      updatedAt: 2022-08-12T03:47:39.320Z
    },
    uniqno: 1,
    _changed: Set(0) {},
    _options: {
      isNewRecord: false,
      _schema: null,
      _schemaDelimiter: '',
      raw: true,
      attributes: [Array]
    },
    isNewRecord: false
  }
}
Fri Aug 12 2022 10:28:55 GMT+0530 (India Standard Time) ||> Counting Bot#7843 has logged in.
Fri Aug 12 2022 10:54:09 GMT+0530 (India Standard Time) ||> Counting Bot#7843 has logged in.
Fri Aug 12 2022 11:02:08 GMT+0530 (India Standard Time) ||> Counting Bot#7843 has logged in.
Fri Aug 12 2022 11:03:47 GMT+0530 (India Standard Time) ||> Counting Bot#7843 has logged in.
Fri Aug 12 2022 11:04:58 GMT+0530 (India Standard Time) ||> Counting Bot#7843 has logged in.
Fri Aug 12 2022 11:06:10 GMT+0530 (India Standard Time) ||> Counting Bot#7843 has logged in.
Fri Aug 12 2022 11:08:00 GMT+0530 (India Standard Time) ||> Counting Bot#7843 has logged in.
Fri Aug 12 2022 11:10:55 GMT+0530 (India Standard Time) ||> Counting Bot#7843 has logged in.
Fri Aug 12 2022 12:18:02 GMT+0530 (India Standard Time) ||> Counting Bot#7843 has logged in.
Fri Aug 12 2022 21:21:32 GMT+0530 (India Standard Time) ||> Registering commands...
Fri Aug 12 2022 21:21:32 GMT+0530 (India Standard Time) ||> Counting Bot#7843 has logged in.
Fri Aug 12 2022 21:21:33 GMT+0530 (India Standard Time) ||> Registered commands successfully!
Fri Aug 12 2022 21:24:55 GMT+0530 (India Standard Time) ||> Counting Bot#7843 has logged in.
Fri Aug 12 2022 21:38:19 GMT+0530 (India Standard Time) ||> Registering commands...
Fri Aug 12 2022 21:38:19 GMT+0530 (India Standard Time) ||> Counting Bot#7843 has logged in.
Fri Aug 12 2022 21:38:19 GMT+0530 (India Standard Time) ||> Registered commands successfully!
Fri Aug 12 2022 21:39:55 GMT+0530 (India Standard Time) ||> Counting Bot#7843 has logged in.
Fri Aug 12 2022 21:40:48 GMT+0530 (India Standard Time) ||> Counting Bot#7843 has logged in.
